<?xml version="1.0" encoding="UTF-8"?>
<testsuite xmlns:xsi="http://www.w3.org/2001/XMLSchema-instance" xsi:noNamespaceSchemaLocation="https://maven.apache.org/surefire/maven-surefire-plugin/xsd/surefire-test-report-3.0.xsd" version="3.0" name="p1mvn_con.cal.AppTest" time="0.025" tests="5" errors="0" skipped="0" failures="0">
  <properties>
[...]
</properties>
  <testcase name="testadd" classname="p1mvn_con.cal.AppTest" time="0.005"/>
  <testcase name="testApp" classname="p1mvn_con.cal.AppTest" time="0.0"/>
  <testcase name="testsub" classname="p1mvn_con.cal.AppTest" time="0.0"/>
  <testcase name="testmul" classname="p1mvn_con.cal.AppTest" time="0.0"/>
  <testcase name="testdiv" classname="p1mvn_con.cal.AppTest" time="0.0"/>
</testsuite>